SF:lib\features\pets\presentation\providers\pets_provider.dart
DA:18,2
DA:37,2
DA:38,2
DA:39,0
DA:40,0
DA:41,0
DA:42,2
DA:44,0
DA:45,0
DA:46,0
DA:47,0
DA:50,1
DA:52,1
DA:53,2
DA:54,1
DA:57,2
DA:59,1
DA:60,1
DA:61,1
DA:64,2
DA:65,1
DA:66,1
DA:67,1
DA:68,1
DA:69,1
DA:70,3
DA:73,1
DA:74,0
DA:75,0
DA:76,0
DA:78,1
DA:80,1
DA:82,0
DA:85,4
DA:86,1
DA:90,0
DA:91,0
DA:94,1
DA:98,1
DA:99,3
DA:101,1
DA:102,1
DA:104,2
DA:107,2
DA:108,1
DA:109,1
DA:110,1
DA:111,1
DA:112,1
DA:113,3
DA:116,1
DA:117,0
DA:118,0
DA:119,0
DA:120,0
DA:122,1
DA:123,2
DA:124,4
DA:125,1
DA:129,0
DA:130,0
DA:131,0
DA:134,1
DA:138,1
DA:139,1
DA:141,1
DA:142,0
DA:146,1
DA:147,1
DA:148,1
DA:149,1
DA:152,2
DA:154,1
DA:155,0
DA:156,0
DA:157,0
DA:159,1
DA:160,1
DA:161,1
DA:162,1
DA:166,0
DA:167,0
DA:170,1
DA:174,0
DA:180,0
DA:181,0
DA:182,0
DA:183,0
DA:185,0
DA:189,0
DA:190,0
DA:191,0
DA:192,0
DA:193,0
DA:195,0
DA:199,0
DA:201,0
DA:208,2
DA:209,4
DA:213,0
DA:214,0
DA:215,0
DA:219,0
DA:220,0
DA:221,0
DA:222,0
DA:223,0
DA:224,0
DA:225,0
DA:226,0
DA:227,0
DA:228,0
DA:229,0
DA:230,0
LF:114
LH:59
end_of_record
SF:lib\features\pets\domain\entities\pet_entity.dart
DA:41,2
DA:78,1
DA:79,2
DA:81,0
DA:82,0
DA:83,0
DA:85,0
DA:86,0
DA:89,0
DA:92,1
DA:93,2
DA:94,1
DA:96,0
DA:103,3
DA:105,0
DA:141,0
DA:142,0
DA:143,0
DA:144,0
DA:145,0
DA:146,0
DA:147,0
DA:148,0
DA:149,0
DA:150,0
DA:151,0
DA:152,0
DA:153,0
DA:154,0
DA:155,0
DA:156,0
DA:157,0
DA:158,0
DA:159,0
DA:160,0
DA:161,0
DA:162,0
DA:163,0
DA:164,0
DA:165,0
DA:166,0
DA:167,0
DA:168,0
DA:169,0
DA:170,0
DA:171,0
DA:172,0
DA:173,0
DA:174,0
DA:175,0
LF:50
LH:7
end_of_record
SF:lib\core\errors\failures.dart
DA:6,2
DA:10,0
DA:14,0
DA:18,2
DA:22,2
DA:26,0
DA:31,0
DA:32,0
DA:34,0
DA:38,0
DA:42,0
DA:46,0
DA:50,0
DA:54,0
LF:14
LH:3
end_of_record
SF:lib\features\pets\presentation\screens\pet_detail_screen.dart
DA:16,1
DA:18,1
DA:19,1
DA:26,1
DA:27,2
DA:29,3
DA:30,2
DA:33,1
DA:35,1
DA:36,2
DA:38,3
DA:40,2
DA:43,1
DA:45,1
DA:46,1
DA:47,1
DA:48,2
DA:54,1
DA:55,0
DA:56,0
DA:57,0
DA:61,1
DA:63,1
DA:64,1
DA:65,1
DA:66,1
DA:69,1
DA:71,0
DA:73,1
DA:74,1
DA:76,0
DA:77,0
DA:83,1
DA:84,2
DA:85,1
DA:86,1
DA:87,0
DA:89,1
DA:90,0
DA:93,1
DA:94,3
DA:97,0
DA:98,0
DA:99,0
DA:100,0
DA:101,0
DA:102,0
DA:109,1
DA:110,1
DA:112,1
DA:114,1
DA:115,1
DA:117,1
DA:118,1
DA:120,1
DA:121,2
DA:123,2
DA:126,1
DA:128,1
DA:129,2
DA:130,1
DA:132,2
DA:140,1
DA:141,6
DA:147,1
DA:150,1
DA:151,3
DA:152,2
DA:153,1
DA:154,1
DA:155,1
DA:156,1
DA:163,1
DA:164,2
DA:165,1
DA:167,2
DA:168,2
DA:169,1
DA:171,0
DA:172,0
DA:182,2
DA:186,1
DA:188,1
DA:189,0
DA:190,0
DA:192,1
DA:209,1
DA:210,1
DA:212,1
DA:213,1
DA:214,1
DA:216,1
LF:92
LH:74
end_of_record
SF:lib\core\config\supabase_config.dart
DA:6,0
DA:7,0
DA:8,0
DA:10,0
DA:11,0
DA:12,0
DA:13,0
DA:14,0
DA:28,0
DA:31,0
DA:34,0
DA:37,0
DA:40,0
LF:13
LH:0
end_of_record
SF:lib\features\pets\data\datasources\pets_remote_datasource.dart
DA:29,0
DA:30,0
DA:32,0
DA:35,0
DA:36,0
DA:37,0
DA:46,0
DA:47,0
DA:48,0
DA:51,0
DA:52,0
DA:54,0
DA:58,0
DA:68,0
DA:69,0
DA:70,0
DA:79,0
DA:82,0
DA:83,0
DA:86,0
DA:87,0
DA:90,0
DA:91,0
DA:95,0
DA:96,0
DA:100,0
DA:101,0
DA:104,0
DA:105,0
DA:107,0
DA:111,0
DA:114,0
DA:115,0
DA:116,0
DA:127,0
DA:128,0
DA:130,0
DA:132,0
DA:136,0
DA:140,0
DA:141,0
DA:142,0
DA:143,0
DA:144,0
DA:146,0
DA:149,0
DA:150,0
DA:151,0
DA:152,0
DA:155,0
DA:159,0
DA:162,0
DA:163,0
DA:164,0
DA:173,0
DA:174,0
DA:175,0
DA:176,0
DA:179,0
DA:180,0
DA:182,0
LF:61
LH:0
end_of_record
SF:lib\features\pets\data\models\pet_model.dart
DA:6,0
DA:43,0
DA:44,0
DA:45,0
DA:46,0
DA:47,0
DA:48,0
DA:49,0
DA:50,0
DA:51,0
DA:52,0
DA:53,0
DA:54,0
DA:55,0
DA:56,0
DA:57,0
DA:58,0
DA:60,0
DA:61,0
DA:62,0
DA:63,0
DA:64,0
DA:65,0
DA:66,0
DA:67,0
DA:68,0
DA:69,0
DA:70,0
DA:71,0
DA:72,0
DA:74,0
DA:75,0
DA:76,0
DA:78,0
DA:79,0
DA:81,0
DA:82,0
DA:83,0
DA:84,0
DA:86,0
DA:87,0
DA:91,0
DA:92,0
DA:93,0
DA:94,0
DA:95,0
DA:96,0
DA:97,0
DA:98,0
DA:99,0
DA:100,0
DA:101,0
DA:102,0
DA:103,0
DA:104,0
DA:105,0
DA:106,0
DA:107,0
DA:108,0
DA:109,0
DA:110,0
DA:111,0
DA:112,0
DA:113,0
DA:114,0
DA:115,0
DA:116,0
DA:117,0
DA:118,0
DA:119,0
DA:120,0
DA:121,0
DA:122,0
DA:123,0
DA:124,0
DA:128,0
DA:129,0
DA:130,0
DA:131,0
DA:132,0
DA:133,0
DA:134,0
DA:135,0
DA:136,0
DA:137,0
DA:138,0
DA:139,0
DA:140,0
DA:141,0
DA:142,0
DA:143,0
DA:144,0
DA:145,0
DA:146,0
DA:147,0
DA:148,0
DA:149,0
DA:150,0
DA:151,0
DA:152,0
DA:153,0
DA:154,0
DA:155,0
DA:156,0
DA:157,0
DA:158,0
DA:159,0
DA:160,0
DA:161,0
DA:162,0
DA:163,0
LF:111
LH:0
end_of_record
SF:lib\features\pets\data\repositories\pets_repository_impl.dart
DA:12,0
DA:14,0
DA:20,0
DA:24,0
DA:25,0
DA:26,0
DA:30,0
DA:40,0
DA:48,0
DA:49,0
DA:50,0
DA:54,0
DA:57,0
DA:58,0
DA:59,0
DA:60,0
DA:64,0
DA:67,0
DA:69,0
DA:70,0
DA:74,0
DA:77,0
DA:78,0
DA:79,0
DA:80,0
LF:25
LH:0
end_of_record
